# JRE version: Java(TM) SE Runtime Environment (8.0_102-b14) (build 1.8.0_102-b14)
# Java VM: Java HotSpot(TM) 64-Bit Server VM (25.102-b14 mixed mode windows-amd64 compressed oops)
Heap:
 PSYoungGen      total 162816K, used 21668K [0x00000000d5f00000, 0x00000000e3500000, 0x0000000100000000)
  eden space 152064K, 14% used [0x00000000d5f00000,0x00000000d74292d8,0x00000000df380000)
  from space 10752K, 0% used [0x00000000df380000,0x00000000df380000,0x00000000dfe00000)
  to   space 11264K, 0% used [0x00000000e2a00000,0x00000000e2a00000,0x00000000e3500000)
 ParOldGen       total 100352K, used 23269K [0x0000000081c00000, 0x0000000087e00000, 0x00000000d5f00000)
  object space 100352K, 23% used [0x0000000081c00000,0x00000000832b9428,0x0000000087e00000)
 Metaspace       used 52507K, capacity 54417K, committed 54616K, reserved 1095680K
  class space    used 7172K, capacity 7527K, committed 7552K, reserved 1048576K
GC Heap History (10 events):
Event: 6.693 GC heap before
{Heap before GC invocations=10 (full 1):
 PSYoungGen      total 114176K, used 20227K [0x00000000d5f00000, 0x00000000dd880000, 0x0000000100000000)
  eden space 107008K, 12% used [0x00000000d5f00000,0x00000000d6bc19d0,0x00000000dc780000)
  from space 7168K, 99% used [0x00000000dd000000,0x00000000dd6ff548,0x00000000dd700000)
  to   space 8704K, 0% used [0x00000000dc780000,0x00000000dc780000,0x00000000dd000000)
 ParOldGen       total 48128K, used 8536K [0x0000000081c00000, 0x0000000084b00000, 0x00000000d5f00000)
  object space 48128K, 17% used [0x0000000081c00000,0x00000000824562a0,0x0000000084b00000)
 Metaspace       used 30363K, capacity 31529K, committed 31576K, reserved 1077248K
  class space    used 3943K, capacity 4189K, committed 4224K, reserved 1048576K
Event: 6.710 GC heap after
Heap after GC invocations=10 (full 1):
 PSYoungGen      total 115712K, used 5698K [0x00000000d5f00000, 0x00000000e0880000, 0x0000000100000000)
  eden space 107008K, 0% used [0x00000000d5f00000,0x00000000d5f00000,0x00000000dc780000)
  from space 8704K, 65% used [0x00000000dc780000,0x00000000dcd10858,0x00000000dd000000)
  to   space 8192K, 0% used [0x00000000e0080000,0x00000000e0080000,0x00000000e0880000)
 ParOldGen       total 48128K, used 10221K [0x0000000081c00000, 0x0000000084b00000, 0x00000000d5f00000)
  object space 48128K, 21% used [0x0000000081c00000,0x00000000825fb7d0,0x0000000084b00000)
 Metaspace       used 30363K, capacity 31529K, committed 31576K, reserved 1077248K
  class space    used 3943K, capacity 4189K, committed 4224K, reserved 1048576K
}
Event: 6.710 GC heap before
{Heap before GC invocations=11 (full 2):
 PSYoungGen      total 115712K, used 5698K [0x00000000d5f00000, 0x00000000e0880000, 0x0000000100000000)
  eden space 107008K, 0% used [0x00000000d5f00000,0x00000000d5f00000,0x00000000dc780000)
  from space 8704K, 65% used [0x00000000dc780000,0x00000000dcd10858,0x00000000dd000000)
  to   space 8192K, 0% used [0x00000000e0080000,0x00000000e0080000,0x00000000e0880000)
 ParOldGen       total 48128K, used 10221K [0x0000000081c00000, 0x0000000084b00000, 0x00000000d5f00000)
  object space 48128K, 21% used [0x0000000081c00000,0x00000000825fb7d0,0x0000000084b00000)
 Metaspace       used 30363K, capacity 31529K, committed 31576K, reserved 1077248K
  class space    used 3943K, capacity 4189K, committed 4224K, reserved 1048576K
Event: 6.785 GC heap after
Heap after GC invocations=11 (full 2):
 PSYoungGen      total 115712K, used 0K [0x00000000d5f00000, 0x00000000e0880000, 0x0000000100000000)
  eden space 107008K, 0% used [0x00000000d5f00000,0x00000000d5f00000,0x00000000dc780000)
  from space 8704K, 0% used [0x00000000dc780000,0x00000000dc780000,0x00000000dd000000)
  to   space 8192K, 0% used [0x00000000e0080000,0x00000000e0080000,0x00000000e0880000)
 ParOldGen       total 69632K, used 11812K [0x0000000081c00000, 0x0000000086000000, 0x00000000d5f00000)
  object space 69632K, 16% used [0x0000000081c00000,0x0000000082789118,0x0000000086000000)
 Metaspace       used 30363K, capacity 31529K, committed 31576K, reserved 1077248K
  class space    used 3943K, capacity 4189K, committed 4224K, reserved 1048576K
}
Event: 8.710 GC heap before
{Heap before GC invocations=12 (full 2):
 PSYoungGen      total 115712K, used 107008K [0x00000000d5f00000, 0x00000000e0880000, 0x0000000100000000)
  eden space 107008K, 100% used [0x00000000d5f00000,0x00000000dc780000,0x00000000dc780000)
  from space 8704K, 0% used [0x00000000dc780000,0x00000000dc780000,0x00000000dd000000)
  to   space 8192K, 0% used [0x00000000e0080000,0x00000000e0080000,0x00000000e0880000)
 ParOldGen       total 69632K, used 11812K [0x0000000081c00000, 0x0000000086000000, 0x00000000d5f00000)
  object space 69632K, 16% used [0x0000000081c00000,0x0000000082789118,0x0000000086000000)
 Metaspace       used 42580K, capacity 43875K, committed 44120K, reserved 1087488K
  class space    used 5664K, capacity 5960K, committed 6016K, reserved 1048576K
Event: 8.724 GC heap after
Heap after GC invocations=12 (full 2):
 PSYoungGen      total 155136K, used 8190K [0x00000000d5f00000, 0x00000000e0880000, 0x0000000100000000)
  eden space 146944K, 0% used [0x00000000d5f00000,0x00000000d5f00000,0x00000000dee80000)
  from space 8192K, 99% used [0x00000000e0080000,0x00000000e087f9e0,0x00000000e0880000)
  to   space 10752K, 0% used [0x00000000df380000,0x00000000df380000,0x00000000dfe00000)
 ParOldGen       total 69632K, used 16061K [0x0000000081c00000, 0x0000000086000000, 0x00000000d5f00000)
  object space 69632K, 23% used [0x0000000081c00000,0x0000000082baf588,0x0000000086000000)
 Metaspace       used 42580K, capacity 43875K, committed 44120K, reserved 1087488K
  class space    used 5664K, capacity 5960K, committed 6016K, reserved 1048576K
}
Event: 11.409 GC heap before
{Heap before GC invocations=13 (full 2):
 PSYoungGen      total 155136K, used 110545K [0x00000000d5f00000, 0x00000000e0880000, 0x0000000100000000)
  eden space 146944K, 69% used [0x00000000d5f00000,0x00000000dc2f4b48,0x00000000dee80000)
  from space 8192K, 99% used [0x00000000e0080000,0x00000000e087f9e0,0x00000000e0880000)
  to   space 10752K, 0% used [0x00000000df380000,0x00000000df380000,0x00000000dfe00000)
 ParOldGen       total 69632K, used 16061K [0x0000000081c00000, 0x0000000086000000, 0x00000000d5f00000)
  object space 69632K, 23% used [0x0000000081c00000,0x0000000082baf588,0x0000000086000000)
 Metaspace       used 50858K, capacity 52331K, committed 52568K, reserved 1095680K
  class space    used 6883K, capacity 7186K, committed 7296K, reserved 1048576K
Event: 11.424 GC heap after
Heap after GC invocations=13 (full 2):
 PSYoungGen      total 162816K, used 9011K [0x00000000d5f00000, 0x00000000e3500000, 0x0000000100000000)
  eden space 152064K, 0% used [0x00000000d5f00000,0x00000000d5f00000,0x00000000df380000)
  from space 10752K, 83% used [0x00000000df380000,0x00000000dfc4ced0,0x00000000dfe00000)
  to   space 11264K, 0% used [0x00000000e2a00000,0x00000000e2a00000,0x00000000e3500000)
 ParOldGen       total 69632K, used 19783K [0x0000000081c00000, 0x0000000086000000, 0x00000000d5f00000)
  object space 69632K, 28% used [0x0000000081c00000,0x0000000082f51fd0,0x0000000086000000)
 Metaspace       used 50858K, capacity 52331K, committed 52568K, reserved 1095680K
  class space    used 6883K, capacity 7186K, committed 7296K, reserved 1048576K
}
Event: 11.424 GC heap before
{Heap before GC invocations=14 (full 3):
 PSYoungGen      total 162816K, used 9011K [0x00000000d5f00000, 0x00000000e3500000, 0x0000000100000000)
  eden space 152064K, 0% used [0x00000000d5f00000,0x00000000d5f00000,0x00000000df380000)
  from space 10752K, 83% used [0x00000000df380000,0x00000000dfc4ced0,0x00000000dfe00000)
  to   space 11264K, 0% used [0x00000000e2a00000,0x00000000e2a00000,0x00000000e3500000)
 ParOldGen       total 69632K, used 19783K [0x0000000081c00000, 0x0000000086000000, 0x00000000d5f00000)
  object space 69632K, 28% used [0x0000000081c00000,0x0000000082f51fd0,0x0000000086000000)
 Metaspace       used 50858K, capacity 52331K, committed 52568K, reserved 1095680K
  class space    used 6883K, capacity 7186K, committed 7296K, reserved 1048576K
Event: 11.615 GC heap after
Heap after GC invocations=14 (full 3):
 PSYoungGen      total 162816K, used 0K [0x00000000d5f00000, 0x00000000e3500000, 0x0000000100000000)
  eden space 152064K, 0% used [0x00000000d5f00000,0x00000000d5f00000,0x00000000df380000)
  from space 10752K, 0% used [0x00000000df380000,0x00000000df380000,0x00000000dfe00000)
  to   space 11264K, 0% used [0x00000000e2a00000,0x00000000e2a00000,0x00000000e3500000)
 ParOldGen       total 100352K, used 23269K [0x0000000081c00000, 0x0000000087e00000, 0x00000000d5f00000)
  object space 100352K, 23% used [0x0000000081c00000,0x00000000832b9428,0x0000000087e00000)
 Metaspace       used 50858K, capacity 52331K, committed 52568K, reserved 1095680K
  class space    used 6883K, capacity 7186K, committed 7296K, reserved 1048576K
}

