# JRE version: Java(TM) SE Runtime Environment (8.0_102-b14) (build 1.8.0_102-b14)
# Java VM: Java HotSpot(TM) 64-Bit Server VM (25.102-b14 mixed mode windows-amd64 compressed oops)
Heap:
 PSYoungGen      total 197632K, used 123076K [0x00000000d5f00000, 0x00000000e4800000, 0x0000000100000000)
  eden space 186880K, 65% used [0x00000000d5f00000,0x00000000dd731350,0x00000000e1580000)
  from space 10752K, 0% used [0x00000000e2100000,0x00000000e2100000,0x00000000e2b80000)
  to   space 11776K, 0% used [0x00000000e1580000,0x00000000e1580000,0x00000000e2100000)
 ParOldGen       total 83968K, used 14197K [0x0000000081c00000, 0x0000000086e00000, 0x00000000d5f00000)
  object space 83968K, 16% used [0x0000000081c00000,0x00000000829dd6f0,0x0000000086e00000)
 Metaspace       used 46551K, capacity 47976K, committed 48384K, reserved 1091584K
  class space    used 6310K, capacity 6600K, committed 6656K, reserved 1048576K
GC Heap History (10 events):
Event: 4.420 GC heap before
{Heap before GC invocations=6 (full 1):
 PSYoungGen      total 71680K, used 5098K [0x00000000d5f00000, 0x00000000df200000, 0x0000000100000000)
  eden space 66560K, 0% used [0x00000000d5f00000,0x00000000d5f00000,0x00000000da000000)
  from space 5120K, 99% used [0x00000000da000000,0x00000000da4fab48,0x00000000da500000)
  to   space 8704K, 0% used [0x00000000de980000,0x00000000de980000,0x00000000df200000)
 ParOldGen       total 87552K, used 4572K [0x0000000081c00000, 0x0000000087180000, 0x00000000d5f00000)
  object space 87552K, 5% used [0x0000000081c00000,0x0000000082077220,0x0000000087180000)
 Metaspace       used 20632K, capacity 21182K, committed 21248K, reserved 1067008K
  class space    used 2625K, capacity 2801K, committed 2816K, reserved 1048576K
Event: 4.463 GC heap after
Heap after GC invocations=6 (full 1):
 PSYoungGen      total 71680K, used 0K [0x00000000d5f00000, 0x00000000df200000, 0x0000000100000000)
  eden space 66560K, 0% used [0x00000000d5f00000,0x00000000d5f00000,0x00000000da000000)
  from space 5120K, 0% used [0x00000000da000000,0x00000000da000000,0x00000000da500000)
  to   space 8704K, 0% used [0x00000000de980000,0x00000000de980000,0x00000000df200000)
 ParOldGen       total 54272K, used 7584K [0x0000000081c00000, 0x0000000085100000, 0x00000000d5f00000)
  object space 54272K, 13% used [0x0000000081c00000,0x00000000823680c8,0x0000000085100000)
 Metaspace       used 20632K, capacity 21182K, committed 21248K, reserved 1067008K
  class space    used 2625K, capacity 2801K, committed 2816K, reserved 1048576K
}
Event: 4.857 GC heap before
{Heap before GC invocations=7 (full 1):
 PSYoungGen      total 71680K, used 66508K [0x00000000d5f00000, 0x00000000df200000, 0x0000000100000000)
  eden space 66560K, 99% used [0x00000000d5f00000,0x00000000d9ff32a8,0x00000000da000000)
  from space 5120K, 0% used [0x00000000da000000,0x00000000da000000,0x00000000da500000)
  to   space 8704K, 0% used [0x00000000de980000,0x00000000de980000,0x00000000df200000)
 ParOldGen       total 54272K, used 7584K [0x0000000081c00000, 0x0000000085100000, 0x00000000d5f00000)
  object space 54272K, 13% used [0x0000000081c00000,0x00000000823680c8,0x0000000085100000)
 Metaspace       used 24011K, capacity 24632K, committed 24832K, reserved 1071104K
  class space    used 3085K, capacity 3238K, committed 3328K, reserved 1048576K
Event: 4.866 GC heap after
Heap after GC invocations=7 (full 1):
 PSYoungGen      total 117760K, used 4587K [0x00000000d5f00000, 0x00000000dee00000, 0x0000000100000000)
  eden space 113152K, 0% used [0x00000000d5f00000,0x00000000d5f00000,0x00000000dcd80000)
  from space 4608K, 99% used [0x00000000de980000,0x00000000dedfacd8,0x00000000dee00000)
  to   space 8704K, 0% used [0x00000000ddd00000,0x00000000ddd00000,0x00000000de580000)
 ParOldGen       total 54272K, used 7656K [0x0000000081c00000, 0x0000000085100000, 0x00000000d5f00000)
  object space 54272K, 14% used [0x0000000081c00000,0x000000008237a0d8,0x0000000085100000)
 Metaspace       used 24011K, capacity 24632K, committed 24832K, reserved 1071104K
  class space    used 3085K, capacity 3238K, committed 3328K, reserved 1048576K
}
Event: 6.852 GC heap before
{Heap before GC invocations=8 (full 1):
 PSYoungGen      total 117760K, used 117739K [0x00000000d5f00000, 0x00000000dee00000, 0x0000000100000000)
  eden space 113152K, 100% used [0x00000000d5f00000,0x00000000dcd80000,0x00000000dcd80000)
  from space 4608K, 99% used [0x00000000de980000,0x00000000dedfacd8,0x00000000dee00000)
  to   space 8704K, 0% used [0x00000000ddd00000,0x00000000ddd00000,0x00000000de580000)
 ParOldGen       total 54272K, used 7656K [0x0000000081c00000, 0x0000000085100000, 0x00000000d5f00000)
  object space 54272K, 14% used [0x0000000081c00000,0x000000008237a0d8,0x0000000085100000)
 Metaspace       used 30168K, capacity 31352K, committed 31616K, reserved 1077248K
  class space    used 3915K, capacity 4150K, committed 4224K, reserved 1048576K
Event: 6.869 GC heap after
Heap after GC invocations=8 (full 1):
 PSYoungGen      total 137728K, used 8676K [0x00000000d5f00000, 0x00000000e2b80000, 0x0000000100000000)
  eden space 129024K, 0% used [0x00000000d5f00000,0x00000000d5f00000,0x00000000ddd00000)
  from space 8704K, 99% used [0x00000000ddd00000,0x00000000de579290,0x00000000de580000)
  to   space 10752K, 0% used [0x00000000e2100000,0x00000000e2100000,0x00000000e2b80000)
 ParOldGen       total 54272K, used 9708K [0x0000000081c00000, 0x0000000085100000, 0x00000000d5f00000)
  object space 54272K, 17% used [0x0000000081c00000,0x000000008257b0a0,0x0000000085100000)
 Metaspace       used 30168K, capacity 31352K, committed 31616K, reserved 1077248K
  class space    used 3915K, capacity 4150K, committed 4224K, reserved 1048576K
}
Event: 7.432 GC heap before
{Heap before GC invocations=9 (full 1):
 PSYoungGen      total 137728K, used 40162K [0x00000000d5f00000, 0x00000000e2b80000, 0x0000000100000000)
  eden space 129024K, 24% used [0x00000000d5f00000,0x00000000d7dbf808,0x00000000ddd00000)
  from space 8704K, 99% used [0x00000000ddd00000,0x00000000de579290,0x00000000de580000)
  to   space 10752K, 0% used [0x00000000e2100000,0x00000000e2100000,0x00000000e2b80000)
 ParOldGen       total 54272K, used 9708K [0x0000000081c00000, 0x0000000085100000, 0x00000000d5f00000)
  object space 54272K, 17% used [0x0000000081c00000,0x000000008257b0a0,0x0000000085100000)
 Metaspace       used 34101K, capacity 35328K, committed 35416K, reserved 1081344K
  class space    used 4315K, capacity 4590K, committed 4608K, reserved 1048576K
Event: 7.444 GC heap after
Heap after GC invocations=9 (full 1):
 PSYoungGen      total 197632K, used 9544K [0x00000000d5f00000, 0x00000000e4800000, 0x0000000100000000)
  eden space 186880K, 0% used [0x00000000d5f00000,0x00000000d5f00000,0x00000000e1580000)
  from space 10752K, 88% used [0x00000000e2100000,0x00000000e2a52308,0x00000000e2b80000)
  to   space 11776K, 0% used [0x00000000e1580000,0x00000000e1580000,0x00000000e2100000)
 ParOldGen       total 54272K, used 9716K [0x0000000081c00000, 0x0000000085100000, 0x00000000d5f00000)
  object space 54272K, 17% used [0x0000000081c00000,0x000000008257d0a0,0x0000000085100000)
 Metaspace       used 34101K, capacity 35328K, committed 35416K, reserved 1081344K
  class space    used 4315K, capacity 4590K, committed 4608K, reserved 1048576K
}
Event: 7.444 GC heap before
{Heap before GC invocations=10 (full 2):
 PSYoungGen      total 197632K, used 9544K [0x00000000d5f00000, 0x00000000e4800000, 0x0000000100000000)
  eden space 186880K, 0% used [0x00000000d5f00000,0x00000000d5f00000,0x00000000e1580000)
  from space 10752K, 88% used [0x00000000e2100000,0x00000000e2a52308,0x00000000e2b80000)
  to   space 11776K, 0% used [0x00000000e1580000,0x00000000e1580000,0x00000000e2100000)
 ParOldGen       total 54272K, used 9716K [0x0000000081c00000, 0x0000000085100000, 0x00000000d5f00000)
  object space 54272K, 17% used [0x0000000081c00000,0x000000008257d0a0,0x0000000085100000)
 Metaspace       used 34101K, capacity 35328K, committed 35416K, reserved 1081344K
  class space    used 4315K, capacity 4590K, committed 4608K, reserved 1048576K
Event: 7.540 GC heap after
Heap after GC invocations=10 (full 2):
 PSYoungGen      total 197632K, used 0K [0x00000000d5f00000, 0x00000000e4800000, 0x0000000100000000)
  eden space 186880K, 0% used [0x00000000d5f00000,0x00000000d5f00000,0x00000000e1580000)
  from space 10752K, 0% used [0x00000000e2100000,0x00000000e2100000,0x00000000e2b80000)
  to   space 11776K, 0% used [0x00000000e1580000,0x00000000e1580000,0x00000000e2100000)
 ParOldGen       total 83968K, used 14197K [0x0000000081c00000, 0x0000000086e00000, 0x00000000d5f00000)
  object space 83968K, 16% used [0x0000000081c00000,0x00000000829dd6f0,0x0000000086e00000)
 Metaspace       used 34101K, capacity 35328K, committed 35416K, reserved 1081344K
  class space    used 4315K, capacity 4590K, committed 4608K, reserved 1048576K
}

